[2022-09-16 12:52:13] laravel.EMERGENCY: Unable to create configured logger. Using emergency logger. {"exception":"[object] (InvalidArgumentException(code: 0): Log [] is not defined. at D:\\Boldsign API sample Git\\New\\API-Samples\\angular-php-boldsign-sample\\PHP-REST-API\\vendor\\laravel\\framework\\src\\Illuminate\\Log\\LogManager.php:207)
[stacktrace]
#0 D:\\Boldsign API sample Git\\New\\API-Samples\\angular-php-boldsign-sample\\PHP-REST-API\\vendor\\laravel\\framework\\src\\Illuminate\\Log\\LogManager.php(132): Illuminate\\Log\\LogManager->resolve(NULL, NULL)
#1 D:\\Boldsign API sample Git\\New\\API-Samples\\angular-php-boldsign-sample\\PHP-REST-API\\vendor\\laravel\\framework\\src\\Illuminate\\Log\\LogManager.php(119): Illuminate\\Log\\LogManager->get(NULL)
#2 D:\\Boldsign API sample Git\\New\\API-Samples\\angular-php-boldsign-sample\\PHP-REST-API\\vendor\\laravel\\framework\\src\\Illuminate\\Log\\LogManager.php(642): Illuminate\\Log\\LogManager->driver()
#3 D:\\Boldsign API sample Git\\New\\API-Samples\\angular-php-boldsign-sample\\PHP-REST-API\\vendor\\laravel\\framework\\src\\Illuminate\\Foundation\\Exceptions\\Handler.php(278): Illuminate\\Log\\LogManager->error('RecursiveDirect...', Array)
#4 D:\\Boldsign API sample Git\\New\\API-Samples\\angular-php-boldsign-sample\\PHP-REST-API\\vendor\\laravel\\framework\\src\\Illuminate\\Foundation\\Console\\Kernel.php(367): Illuminate\\Foundation\\Exceptions\\Handler->report(Object(ValueError))
#5 D:\\Boldsign API sample Git\\New\\API-Samples\\angular-php-boldsign-sample\\PHP-REST-API\\vendor\\laravel\\framework\\src\\Illuminate\\Foundation\\Console\\Kernel.php(131): Illuminate\\Foundation\\Console\\Kernel->reportException(Object(ValueError))
#6 D:\\Boldsign API sample Git\\New\\API-Samples\\angular-php-boldsign-sample\\PHP-REST-API\\artisan(37): Illuminate\\Foundation\\Console\\Kernel->handle(Object(Symfony\\Component\\Console\\Input\\ArgvInput), Object(Symfony\\Component\\Console\\Output\\ConsoleOutput))
#7 {main}
"} 
[2022-09-16 12:52:13] laravel.ERROR: RecursiveDirectoryIterator::__construct(): Argument #1 ($directory) cannot be empty {"exception":"[object] (ValueError(code: 0): RecursiveDirectoryIterator::__construct(): Argument #1 ($directory) cannot be empty at D:\\Boldsign API sample Git\\New\\API-Samples\\angular-php-boldsign-sample\\PHP-REST-API\\vendor\\symfony\\finder\\Iterator\\RecursiveDirectoryIterator.php:42)
[stacktrace]
#0 D:\\Boldsign API sample Git\\New\\API-Samples\\angular-php-boldsign-sample\\PHP-REST-API\\vendor\\symfony\\finder\\Iterator\\RecursiveDirectoryIterator.php(42): RecursiveDirectoryIterator->__construct('', 4096)
#1 D:\\Boldsign API sample Git\\New\\API-Samples\\angular-php-boldsign-sample\\PHP-REST-API\\vendor\\symfony\\finder\\Finder.php(732): Symfony\\Component\\Finder\\Iterator\\RecursiveDirectoryIterator->__construct('', 4096, false)
#2 D:\\Boldsign API sample Git\\New\\API-Samples\\angular-php-boldsign-sample\\PHP-REST-API\\vendor\\symfony\\finder\\Finder.php(615): Symfony\\Component\\Finder\\Finder->searchInDirectory('')
#3 D:\\Boldsign API sample Git\\New\\API-Samples\\angular-php-boldsign-sample\\PHP-REST-API\\vendor\\laravel\\framework\\src\\Illuminate\\Foundation\\Bootstrap\\LoadConfiguration.php(86): Symfony\\Component\\Finder\\Finder->getIterator()
#4 D:\\Boldsign API sample Git\\New\\API-Samples\\angular-php-boldsign-sample\\PHP-REST-API\\vendor\\laravel\\framework\\src\\Illuminate\\Foundation\\Bootstrap\\LoadConfiguration.php(63): Illuminate\\Foundation\\Bootstrap\\LoadConfiguration->getConfigurationFiles(Object(Illuminate\\Foundation\\Application))
#5 D:\\Boldsign API sample Git\\New\\API-Samples\\angular-php-boldsign-sample\\PHP-REST-API\\vendor\\laravel\\framework\\src\\Illuminate\\Foundation\\Bootstrap\\LoadConfiguration.php(39): Illuminate\\Foundation\\Bootstrap\\LoadConfiguration->loadConfigurationFiles(Object(Illuminate\\Foundation\\Application), Object(Illuminate\\Config\\Repository))
#6 D:\\Boldsign API sample Git\\New\\API-Samples\\angular-php-boldsign-sample\\PHP-REST-API\\vendor\\laravel\\framework\\src\\Illuminate\\Foundation\\Application.php(242): Illuminate\\Foundation\\Bootstrap\\LoadConfiguration->bootstrap(Object(Illuminate\\Foundation\\Application))
#7 D:\\Boldsign API sample Git\\New\\API-Samples\\angular-php-boldsign-sample\\PHP-REST-API\\vendor\\laravel\\framework\\src\\Illuminate\\Foundation\\Console\\Kernel.php(310): Illuminate\\Foundation\\Application->bootstrapWith(Array)
#8 D:\\Boldsign API sample Git\\New\\API-Samples\\angular-php-boldsign-sample\\PHP-REST-API\\vendor\\laravel\\framework\\src\\Illuminate\\Foundation\\Console\\Kernel.php(127): Illuminate\\Foundation\\Console\\Kernel->bootstrap()
#9 D:\\Boldsign API sample Git\\New\\API-Samples\\angular-php-boldsign-sample\\PHP-REST-API\\artisan(37): Illuminate\\Foundation\\Console\\Kernel->handle(Object(Symfony\\Component\\Console\\Input\\ArgvInput), Object(Symfony\\Component\\Console\\Output\\ConsoleOutput))
#10 {main}
"} 
[2022-09-16 12:53:21] laravel.EMERGENCY: Unable to create configured logger. Using emergency logger. {"exception":"[object] (InvalidArgumentException(code: 0): Log [] is not defined. at D:\\Boldsign API sample Git\\New\\API-Samples\\angular-php-boldsign-sample\\PHP-REST-API\\vendor\\laravel\\framework\\src\\Illuminate\\Log\\LogManager.php:207)
[stacktrace]
#0 D:\\Boldsign API sample Git\\New\\API-Samples\\angular-php-boldsign-sample\\PHP-REST-API\\vendor\\laravel\\framework\\src\\Illuminate\\Log\\LogManager.php(132): Illuminate\\Log\\LogManager->resolve(NULL, NULL)
#1 D:\\Boldsign API sample Git\\New\\API-Samples\\angular-php-boldsign-sample\\PHP-REST-API\\vendor\\laravel\\framework\\src\\Illuminate\\Log\\LogManager.php(119): Illuminate\\Log\\LogManager->get(NULL)
#2 D:\\Boldsign API sample Git\\New\\API-Samples\\angular-php-boldsign-sample\\PHP-REST-API\\vendor\\laravel\\framework\\src\\Illuminate\\Log\\LogManager.php(642): Illuminate\\Log\\LogManager->driver()
#3 D:\\Boldsign API sample Git\\New\\API-Samples\\angular-php-boldsign-sample\\PHP-REST-API\\vendor\\laravel\\framework\\src\\Illuminate\\Foundation\\Exceptions\\Handler.php(278): Illuminate\\Log\\LogManager->error('Unable to load ...', Array)
#4 D:\\Boldsign API sample Git\\New\\API-Samples\\angular-php-boldsign-sample\\PHP-REST-API\\vendor\\laravel\\framework\\src\\Illuminate\\Foundation\\Console\\Kernel.php(367): Illuminate\\Foundation\\Exceptions\\Handler->report(Object(Exception))
#5 D:\\Boldsign API sample Git\\New\\API-Samples\\angular-php-boldsign-sample\\PHP-REST-API\\vendor\\laravel\\framework\\src\\Illuminate\\Foundation\\Console\\Kernel.php(131): Illuminate\\Foundation\\Console\\Kernel->reportException(Object(Exception))
#6 D:\\Boldsign API sample Git\\New\\API-Samples\\angular-php-boldsign-sample\\PHP-REST-API\\artisan(37): Illuminate\\Foundation\\Console\\Kernel->handle(Object(Symfony\\Component\\Console\\Input\\ArgvInput), Object(Symfony\\Component\\Console\\Output\\ConsoleOutput))
#7 {main}
"} 
[2022-09-16 12:53:21] laravel.ERROR: Unable to load the "app" configuration file. {"exception":"[object] (Exception(code: 0): Unable to load the \"app\" configuration file. at D:\\Boldsign API sample Git\\New\\API-Samples\\angular-php-boldsign-sample\\PHP-REST-API\\vendor\\laravel\\framework\\src\\Illuminate\\Foundation\\Bootstrap\\LoadConfiguration.php:66)
[stacktrace]
#0 D:\\Boldsign API sample Git\\New\\API-Samples\\angular-php-boldsign-sample\\PHP-REST-API\\vendor\\laravel\\framework\\src\\Illuminate\\Foundation\\Bootstrap\\LoadConfiguration.php(39): Illuminate\\Foundation\\Bootstrap\\LoadConfiguration->loadConfigurationFiles(Object(Illuminate\\Foundation\\Application), Object(Illuminate\\Config\\Repository))
#1 D:\\Boldsign API sample Git\\New\\API-Samples\\angular-php-boldsign-sample\\PHP-REST-API\\vendor\\laravel\\framework\\src\\Illuminate\\Foundation\\Application.php(242): Illuminate\\Foundation\\Bootstrap\\LoadConfiguration->bootstrap(Object(Illuminate\\Foundation\\Application))
#2 D:\\Boldsign API sample Git\\New\\API-Samples\\angular-php-boldsign-sample\\PHP-REST-API\\vendor\\laravel\\framework\\src\\Illuminate\\Foundation\\Console\\Kernel.php(310): Illuminate\\Foundation\\Application->bootstrapWith(Array)
#3 D:\\Boldsign API sample Git\\New\\API-Samples\\angular-php-boldsign-sample\\PHP-REST-API\\vendor\\laravel\\framework\\src\\Illuminate\\Foundation\\Console\\Kernel.php(127): Illuminate\\Foundation\\Console\\Kernel->bootstrap()
#4 D:\\Boldsign API sample Git\\New\\API-Samples\\angular-php-boldsign-sample\\PHP-REST-API\\artisan(37): Illuminate\\Foundation\\Console\\Kernel->handle(Object(Symfony\\Component\\Console\\Input\\ArgvInput), Object(Symfony\\Component\\Console\\Output\\ConsoleOutput))
#5 {main}
"} 
[2022-09-16 10:55:00] laravel.EMERGENCY: Unable to create configured logger. Using emergency logger. {"exception":"[object] (InvalidArgumentException(code: 0): Log [] is not defined. at D:\\Boldsign API sample Git\\New\\API-Samples\\angular-php-boldsign-sample\\PHP-REST-API\\vendor\\laravel\\framework\\src\\Illuminate\\Log\\LogManager.php:207)
[stacktrace]
#0 D:\\Boldsign API sample Git\\New\\API-Samples\\angular-php-boldsign-sample\\PHP-REST-API\\vendor\\laravel\\framework\\src\\Illuminate\\Log\\LogManager.php(132): Illuminate\\Log\\LogManager->resolve(NULL, NULL)
#1 D:\\Boldsign API sample Git\\New\\API-Samples\\angular-php-boldsign-sample\\PHP-REST-API\\vendor\\laravel\\framework\\src\\Illuminate\\Log\\LogManager.php(119): Illuminate\\Log\\LogManager->get(NULL)
#2 D:\\Boldsign API sample Git\\New\\API-Samples\\angular-php-boldsign-sample\\PHP-REST-API\\vendor\\laravel\\framework\\src\\Illuminate\\Log\\LogManager.php(642): Illuminate\\Log\\LogManager->driver()
#3 D:\\Boldsign API sample Git\\New\\API-Samples\\angular-php-boldsign-sample\\PHP-REST-API\\vendor\\laravel\\framework\\src\\Illuminate\\Foundation\\Exceptions\\Handler.php(278): Illuminate\\Log\\LogManager->error('The D:\\\\Boldsign...', Array)
#4 D:\\Boldsign API sample Git\\New\\API-Samples\\angular-php-boldsign-sample\\PHP-REST-API\\vendor\\laravel\\framework\\src\\Illuminate\\Foundation\\Console\\Kernel.php(367): Illuminate\\Foundation\\Exceptions\\Handler->report(Object(Exception))
#5 D:\\Boldsign API sample Git\\New\\API-Samples\\angular-php-boldsign-sample\\PHP-REST-API\\vendor\\laravel\\framework\\src\\Illuminate\\Foundation\\Console\\Kernel.php(131): Illuminate\\Foundation\\Console\\Kernel->reportException(Object(Exception))
#6 D:\\Boldsign API sample Git\\New\\API-Samples\\angular-php-boldsign-sample\\PHP-REST-API\\artisan(37): Illuminate\\Foundation\\Console\\Kernel->handle(Object(Symfony\\Component\\Console\\Input\\ArgvInput), Object(Symfony\\Component\\Console\\Output\\ConsoleOutput))
#7 {main}
"} 
[2022-09-16 10:55:00] laravel.ERROR: The D:\Boldsign API sample Git\New\API-Samples\angular-php-boldsign-sample\PHP-REST-API\bootstrap\cache directory must be present and writable. {"exception":"[object] (Exception(code: 0): The D:\\Boldsign API sample Git\\New\\API-Samples\\angular-php-boldsign-sample\\PHP-REST-API\\bootstrap\\cache directory must be present and writable. at D:\\Boldsign API sample Git\\New\\API-Samples\\angular-php-boldsign-sample\\PHP-REST-API\\vendor\\laravel\\framework\\src\\Illuminate\\Foundation\\PackageManifest.php:178)
[stacktrace]
#0 D:\\Boldsign API sample Git\\New\\API-Samples\\angular-php-boldsign-sample\\PHP-REST-API\\vendor\\laravel\\framework\\src\\Illuminate\\Foundation\\PackageManifest.php(137): Illuminate\\Foundation\\PackageManifest->write(Array)
#1 D:\\Boldsign API sample Git\\New\\API-Samples\\angular-php-boldsign-sample\\PHP-REST-API\\vendor\\laravel\\framework\\src\\Illuminate\\Foundation\\PackageManifest.php(107): Illuminate\\Foundation\\PackageManifest->build()
#2 D:\\Boldsign API sample Git\\New\\API-Samples\\angular-php-boldsign-sample\\PHP-REST-API\\vendor\\laravel\\framework\\src\\Illuminate\\Foundation\\PackageManifest.php(90): Illuminate\\Foundation\\PackageManifest->getManifest()
#3 D:\\Boldsign API sample Git\\New\\API-Samples\\angular-php-boldsign-sample\\PHP-REST-API\\vendor\\laravel\\framework\\src\\Illuminate\\Foundation\\PackageManifest.php(79): Illuminate\\Foundation\\PackageManifest->config('aliases')
#4 D:\\Boldsign API sample Git\\New\\API-Samples\\angular-php-boldsign-sample\\PHP-REST-API\\vendor\\laravel\\framework\\src\\Illuminate\\Foundation\\Bootstrap\\RegisterFacades.php(26): Illuminate\\Foundation\\PackageManifest->aliases()
#5 D:\\Boldsign API sample Git\\New\\API-Samples\\angular-php-boldsign-sample\\PHP-REST-API\\vendor\\laravel\\framework\\src\\Illuminate\\Foundation\\Application.php(242): Illuminate\\Foundation\\Bootstrap\\RegisterFacades->bootstrap(Object(Illuminate\\Foundation\\Application))
#6 D:\\Boldsign API sample Git\\New\\API-Samples\\angular-php-boldsign-sample\\PHP-REST-API\\vendor\\laravel\\framework\\src\\Illuminate\\Foundation\\Console\\Kernel.php(310): Illuminate\\Foundation\\Application->bootstrapWith(Array)
#7 D:\\Boldsign API sample Git\\New\\API-Samples\\angular-php-boldsign-sample\\PHP-REST-API\\vendor\\laravel\\framework\\src\\Illuminate\\Foundation\\Console\\Kernel.php(127): Illuminate\\Foundation\\Console\\Kernel->bootstrap()
#8 D:\\Boldsign API sample Git\\New\\API-Samples\\angular-php-boldsign-sample\\PHP-REST-API\\artisan(37): Illuminate\\Foundation\\Console\\Kernel->handle(Object(Symfony\\Component\\Console\\Input\\ArgvInput), Object(Symfony\\Component\\Console\\Output\\ConsoleOutput))
#9 {main}
"} 
